# Logfile created on 2023-06-06 19:27:32 +0000 by logger.rb/v1.5.3
I, [2023-06-06T19:27:32.556769 #1]  INFO -- : Using GitHub Features: Defaults
I, [2023-06-06T19:27:32.557164 #1]  INFO -- : Auditing 'https://gitlab.com/heliumemr/api'
I, [2023-06-06T19:27:32.583889 #1]  INFO -- request: GET https://gitlab.com/api/v4/groups/heliumemr%2Fapi/projects
I, [2023-06-06T19:27:33.381687 #1]  INFO -- response: Status 404
I, [2023-06-06T19:27:33.414623 #1]  INFO -- request: GET https://api.github.com/user
I, [2023-06-06T19:27:34.241926 #1]  INFO -- response: Status 200
I, [2023-06-06T19:27:34.251133 #1]  INFO -- : Sending telemetry with transaction id 'c28f0163-c1bc-4702-ad71-1ad7eea32171'
E, [2023-06-06T19:27:35.323425 #1] ERROR -- : There was an error extracting pipelines from GitLab
Message: Resource not found
(GET 404) Not Found: https://gitlab.com/api/v4/groups/heliumemr%2Fapi/projects
/usr/local/bundle/gems/actions_importer-1.3.19320/lib/valet/services/gitlab_ci/parse_response.rb:14:in `parse!'
/usr/local/bundle/gems/actions_importer-1.3.19320/lib/valet/adapters/gitlab_ci/client.rb:140:in `block in paginate'
/usr/local/bundle/gems/actions_importer-1.3.19320/lib/valet/adapters/gitlab_ci/client.rb:133:in `loop'
/usr/local/bundle/gems/actions_importer-1.3.19320/lib/valet/adapters/gitlab_ci/client.rb:133:in `paginate'
/usr/local/bundle/gems/actions_importer-1.3.19320/lib/valet/adapters/gitlab_ci/client.rb:84:in `fetch_projects'
/usr/local/bundle/gems/actions_importer-1.3.19320/lib/valet/services/gitlab_ci/REDACTED.rb:40:in `block in pipelines_from_client'
/usr/local/bundle/gems/actions_importer-1.3.19320/lib/valet/services/gitlab_ci/REDACTED.rb:39:in `each'
/usr/local/bundle/gems/actions_importer-1.3.19320/lib/valet/services/gitlab_ci/REDACTED.rb:39:in `pipelines_from_client'
/usr/local/bundle/gems/actions_importer-1.3.19320/lib/valet/services/gitlab_ci/REDACTED.rb:16:in `call'
/usr/local/bundle/gems/actions_importer-1.3.19320/lib/valet/adapters/provider_resolver.rb:66:in `call'
/usr/local/bundle/gems/actions_importer-1.3.19320/lib/valet/commands/audit.rb:16:in `block in call'
/usr/local/bundle/gems/actions_importer-1.3.19320/lib/valet/logger.rb:92:in `with_progress_bar'
/usr/local/bundle/gems/actions_importer-1.3.19320/lib/valet/commands/audit.rb:15:in `call'
/usr/local/bundle/gems/actions_importer-1.3.19320/lib/valet/subcommands/audit.rb:130:in `gitlab'
/usr/local/bundle/gems/thor-1.2.2/lib/thor/command.rb:27:in `run'
/usr/local/bundle/gems/thor-1.2.2/lib/thor/invocation.rb:127:in `invoke_command'
/usr/local/bundle/gems/thor-1.2.2/lib/thor.rb:392:in `dispatch'
/usr/local/bundle/gems/thor-1.2.2/lib/thor/invocation.rb:116:in `invoke'
/usr/local/bundle/gems/thor-1.2.2/lib/thor.rb:243:in `block in subcommand'
/usr/local/bundle/gems/thor-1.2.2/lib/thor/command.rb:27:in `run'
/usr/local/bundle/gems/thor-1.2.2/lib/thor/invocation.rb:127:in `invoke_command'
/usr/local/bundle/gems/thor-1.2.2/lib/thor.rb:392:in `dispatch'
/usr/local/bundle/gems/thor-1.2.2/lib/thor/base.rb:485:in `start'
/usr/local/bundle/gems/actions_importer-1.3.19320/exe/actions-importer:19:in `<top (required)>'
/usr/local/bundle/bin/actions-importer:25:in `load'
/usr/local/bundle/bin/actions-importer:25:in `<main>'
