# Logfile created on 2023-06-06 19:26:09 +0000 by logger.rb/v1.5.3
I, [2023-06-06T19:26:09.382050 #1]  INFO -- : Using GitHub Features: Defaults
I, [2023-06-06T19:26:09.382354 #1]  INFO -- : Auditing 'https://gitlab.com/heliumemr/api'
I, [2023-06-06T19:26:09.410592 #1]  INFO -- request: GET https://gitlab.com/api/v4/groups/heliumemr%2Fapi/projects
I, [2023-06-06T19:26:09.817426 #1]  INFO -- request: GET https://api.github.com/user
I, [2023-06-06T19:26:10.901737 #1]  INFO -- response: Status 200
I, [2023-06-06T19:26:10.907805 #1]  INFO -- : Sending telemetry with transaction id 'acc5352a-b4fa-43cd-8799-9a3aa9a498ac'
E, [2023-06-06T19:26:12.078191 #1] ERROR -- : There was an error extracting pipelines from GitLab
Message: Unable to verify SSL certificate. Please ensure https://gitlab.com/api/v4/groups/heliumemr%2Fapi/projects uses the correct HTTP scheme or disable certificate verification with the '--no-ssl-verify' CLI option. Error: SSL_connect returned=1 errno=0 peeraddr=172.65.251.78:443 state=error: unexpected eof while reading
/usr/local/lib/ruby/3.2.0/net/protocol.rb:46:in `connect_nonblock'
/usr/local/lib/ruby/3.2.0/net/protocol.rb:46:in `ssl_socket_connect'
/usr/local/lib/ruby/3.2.0/net/http.rb:1342:in `connect'
/usr/local/lib/ruby/3.2.0/net/http.rb:1248:in `do_start'
/usr/local/lib/ruby/3.2.0/net/http.rb:1237:in `start'
/usr/local/bundle/gems/faraday-net_http-3.0.2/lib/faraday/adapter/net_http.rb:112:in `request_with_wrapped_block'
/usr/local/bundle/gems/faraday-net_http-3.0.2/lib/faraday/adapter/net_http.rb:102:in `perform_request'
/usr/local/bundle/gems/faraday-net_http-3.0.2/lib/faraday/adapter/net_http.rb:66:in `block in call'
/usr/local/bundle/gems/faraday-2.7.2/lib/faraday/adapter.rb:45:in `connection'
/usr/local/bundle/gems/faraday-net_http-3.0.2/lib/faraday/adapter/net_http.rb:65:in `call'
/usr/local/bundle/gems/faraday-retry-2.0.0/lib/faraday/retry/middleware.rb:148:in `call'
/usr/local/bundle/gems/faraday-2.7.2/lib/faraday/middleware.rb:17:in `call'
/usr/local/bundle/gems/faraday-2.7.2/lib/faraday/response/logger.rb:23:in `call'
/usr/local/bundle/gems/faraday-2.7.2/lib/faraday/middleware.rb:17:in `call'
/usr/local/bundle/gems/faraday-http-cache-2.5.0/lib/faraday/http_cache.rb:286:in `fetch'
/usr/local/bundle/gems/faraday-http-cache-2.5.0/lib/faraday/http_cache.rb:190:in `process'
/usr/local/bundle/gems/faraday-http-cache-2.5.0/lib/faraday/http_cache.rb:141:in `call!'
/usr/local/bundle/gems/faraday-http-cache-2.5.0/lib/faraday/http_cache.rb:121:in `call'
/usr/local/bundle/gems/actions_importer-1.3.19320/lib/valet/adapters/faraday/middleware/exception_handling.rb:7:in `call'
/usr/local/bundle/gems/faraday-2.7.2/lib/faraday/middleware.rb:17:in `call'
/usr/local/bundle/gems/faraday-2.7.2/lib/faraday/middleware.rb:17:in `call'
/usr/local/bundle/gems/faraday-2.7.2/lib/faraday/rack_builder.rb:153:in `build_response'
/usr/local/bundle/gems/faraday-2.7.2/lib/faraday/connection.rb:445:in `run_request'
/usr/local/bundle/gems/faraday-2.7.2/lib/faraday/connection.rb:200:in `get'
/usr/local/bundle/gems/actions_importer-1.3.19320/lib/valet/adapters/gitlab_ci/client.rb:134:in `block in paginate'
/usr/local/bundle/gems/actions_importer-1.3.19320/lib/valet/adapters/gitlab_ci/client.rb:133:in `loop'
/usr/local/bundle/gems/actions_importer-1.3.19320/lib/valet/adapters/gitlab_ci/client.rb:133:in `paginate'
/usr/local/bundle/gems/actions_importer-1.3.19320/lib/valet/adapters/gitlab_ci/client.rb:84:in `fetch_projects'
/usr/local/bundle/gems/actions_importer-1.3.19320/lib/valet/services/gitlab_ci/REDACTED.rb:40:in `block in pipelines_from_client'
/usr/local/bundle/gems/actions_importer-1.3.19320/lib/valet/services/gitlab_ci/REDACTED.rb:39:in `each'
/usr/local/bundle/gems/actions_importer-1.3.19320/lib/valet/services/gitlab_ci/REDACTED.rb:39:in `pipelines_from_client'
/usr/local/bundle/gems/actions_importer-1.3.19320/lib/valet/services/gitlab_ci/REDACTED.rb:16:in `call'
/usr/local/bundle/gems/actions_importer-1.3.19320/lib/valet/adapters/provider_resolver.rb:66:in `call'
/usr/local/bundle/gems/actions_importer-1.3.19320/lib/valet/commands/audit.rb:16:in `block in call'
/usr/local/bundle/gems/actions_importer-1.3.19320/lib/valet/logger.rb:92:in `with_progress_bar'
/usr/local/bundle/gems/actions_importer-1.3.19320/lib/valet/commands/audit.rb:15:in `call'
/usr/local/bundle/gems/actions_importer-1.3.19320/lib/valet/subcommands/audit.rb:130:in `gitlab'
/usr/local/bundle/gems/thor-1.2.2/lib/thor/command.rb:27:in `run'
/usr/local/bundle/gems/thor-1.2.2/lib/thor/invocation.rb:127:in `invoke_command'
/usr/local/bundle/gems/thor-1.2.2/lib/thor.rb:392:in `dispatch'
/usr/local/bundle/gems/thor-1.2.2/lib/thor/invocation.rb:116:in `invoke'
/usr/local/bundle/gems/thor-1.2.2/lib/thor.rb:243:in `block in subcommand'
/usr/local/bundle/gems/thor-1.2.2/lib/thor/command.rb:27:in `run'
/usr/local/bundle/gems/thor-1.2.2/lib/thor/invocation.rb:127:in `invoke_command'
/usr/local/bundle/gems/thor-1.2.2/lib/thor.rb:392:in `dispatch'
/usr/local/bundle/gems/thor-1.2.2/lib/thor/base.rb:485:in `start'
/usr/local/bundle/gems/actions_importer-1.3.19320/exe/actions-importer:19:in `<top (required)>'
/usr/local/bundle/bin/actions-importer:25:in `load'
/usr/local/bundle/bin/actions-importer:25:in `<main>'
